Watching for file changes with StatReloader
Method Not Allowed: /
Not Found: /favicon.ico
Watching for file changes with StatReloader
Method Not Allowed: /
Not Found: /favicon.ico
D:\last_project\django\mysite\home\models.py changed, reloading.
Watching for file changes with StatReloader
Watching for file changes with StatReloader
Method Not Allowed: /
Watching for file changes with StatReloader
C:\Users\ASUS\OneDrive\Desktop\mysite\mysite\settings.py changed, reloading.
Watching for file changes with StatReloader
Watching for file changes with StatReloader
Watching for file changes with StatReloader
Watching for file changes with StatReloader
Watching for file changes with StatReloader
Watching for file changes with StatReloader
Watching for file changes with StatReloader
Watching for file changes with StatReloader
Watching for file changes with StatReloader
Watching for file changes with StatReloader
Watching for file changes with StatReloader
Watching for file changes with StatReloader
Watching for file changes with StatReloader
Watching for file changes with StatReloader
Watching for file changes with StatReloader
Watching for file changes with StatReloader
Watching for file changes with StatReloader
Method Not Allowed: /
Not Found: /favicon.ico
Watching for file changes with StatReloader
Watching for file changes with StatReloader
Method Not Allowed: /
